[debug] [2022-08-06T10:18:29.587Z] ----------------------------------------------------------------------
[debug] [2022-08-06T10:18:29.591Z] Command:       C:\Program Files\nodejs\node.exe C:\Users\Misbahs\AppData\Roaming\npm\node_modules\firebase-tools\lib\bin\firebase.js init
[debug] [2022-08-06T10:18:29.592Z] CLI Version:   10.9.2
[debug] [2022-08-06T10:18:29.593Z] Platform:      win32
[debug] [2022-08-06T10:18:29.593Z] Node Version:  v14.16.0
[debug] [2022-08-06T10:18:29.595Z] Time:          Sat Aug 06 2022 16:18:29 GMT+0600 (Bangladesh Standard Time)
[debug] [2022-08-06T10:18:29.595Z] ----------------------------------------------------------------------
[debug] 
[debug] [2022-08-06T10:18:29.767Z] > command requires scopes: ["email","openid","https://www.googleapis.com/auth/cloudplatformprojects.readonly","https://www.googleapis.com/auth/firebase","https://www.googleapis.com/auth/cloud-platform"]
[debug] [2022-08-06T10:18:29.768Z] > authorizing via signed-in user (misbahuddins100@gmail.com)
[info] 
     ######## #### ########  ######## ########     ###     ######  ########
     ##        ##  ##     ## ##       ##     ##  ##   ##  ##       ##
     ######    ##  ########  ######   ########  #########  ######  ######
     ##        ##  ##    ##  ##       ##     ## ##     ##       ## ##
     ##       #### ##     ## ######## ########  ##     ##  ######  ########

You're about to initialize a Firebase project in this directory:

  H:\programming\Web Development\projects\tech-world\tech-world-client

Before we get started, keep in mind:

  * You are initializing within an existing Firebase project directory

[info] 
=== Project Setup
[info] 
[info] First, let's associate this project directory with a Firebase project.
[info] You can create multiple project aliases by running firebase use --add, 
[info] but for now we'll just set up a default project.
[info] 
[debug] [2022-08-06T10:18:36.089Z] Using project from CLI flag: webpage-service
[debug] [2022-08-06T10:18:36.095Z] > refreshing access token with scopes: []
[debug] [2022-08-06T10:18:36.097Z] >>> HTTP REQUEST POST https://www.googleapis.com/oauth2/v3/token  
 <request body omitted>
[debug] [2022-08-06T10:18:36.477Z] <<< HTTP RESPONSE 400 {"pragma":"no-cache","expires":"Mon, 01 Jan 1990 00:00:00 GMT","cache-control":"no-cache, no-store, max-age=0, must-revalidate","date":"Sat, 06 Aug 2022 10:19:22 GMT","content-type":"application/json; charset=utf-8","vary":"X-Origin, Referer, Origin,Accept-Encoding","server":"scaffolding on HTTPServer2","x-xss-protection":"0","x-frame-options":"SAMEORIGIN","x-content-type-options":"nosniff","alt-svc":"h3=\":443\"; ma=2592000,h3-29=\":443\"; ma=2592000,h3-Q050=\":443\"; ma=2592000,h3-Q046=\":443\"; ma=2592000,h3-Q043=\":443\"; ma=2592000,quic=\":443\"; ma=2592000; v=\"46,43\"","accept-ranges":"none","transfer-encoding":"chunked"}
[debug] [2022-08-06T10:18:36.482Z] >>> [apiv2][query] GET https://firebase.googleapis.com/v1beta1/projects/webpage-service [none]
[debug] [2022-08-06T10:18:36.907Z] <<< [apiv2][status] GET https://firebase.googleapis.com/v1beta1/projects/webpage-service 401
[debug] [2022-08-06T10:18:36.907Z] <<< [apiv2][body] GET https://firebase.googleapis.com/v1beta1/projects/webpage-service {"error":{"code":401,"message":"Request had invalid authentication credentials. Expected OAuth 2 access token, login cookie or other valid authentication credential. See https://developers.google.com/identity/sign-in/web/devconsole-project.","status":"UNAUTHENTICATED"}}
[debug] [2022-08-06T10:18:36.909Z] HTTP Error: 401, Request had invalid authentication credentials. Expected OAuth 2 access token, login cookie or other valid authentication credential. See https://developers.google.com/identity/sign-in/web/devconsole-project.
[debug] [2022-08-06T10:18:37.226Z] FirebaseError: HTTP Error: 401, Request had invalid authentication credentials. Expected OAuth 2 access token, login cookie or other valid authentication credential. See https://developers.google.com/identity/sign-in/web/devconsole-project.
    at module.exports (C:\Users\Misbahs\AppData\Roaming\npm\node_modules\firebase-tools\lib\responseToError.js:47:12)
    at RetryOperation._fn (C:\Users\Misbahs\AppData\Roaming\npm\node_modules\firebase-tools\lib\apiv2.js:286:39)
    at processTicksAndRejections (internal/process/task_queues.js:93:5)
[error] 
[error] Error: Failed to get Firebase project webpage-service. Please make sure the project exists and your account has permission to access it.
[debug] [2022-08-06T10:18:49.778Z] ----------------------------------------------------------------------
[debug] [2022-08-06T10:18:49.784Z] Command:       C:\Program Files\nodejs\node.exe C:\Users\Misbahs\AppData\Roaming\npm\node_modules\firebase-tools\lib\bin\firebase.js init
[debug] [2022-08-06T10:18:49.785Z] CLI Version:   10.9.2
[debug] [2022-08-06T10:18:49.786Z] Platform:      win32
[debug] [2022-08-06T10:18:49.786Z] Node Version:  v14.16.0
[debug] [2022-08-06T10:18:49.787Z] Time:          Sat Aug 06 2022 16:18:49 GMT+0600 (Bangladesh Standard Time)
[debug] [2022-08-06T10:18:49.788Z] ----------------------------------------------------------------------
[debug] 
[debug] [2022-08-06T10:18:49.954Z] > command requires scopes: ["email","openid","https://www.googleapis.com/auth/cloudplatformprojects.readonly","https://www.googleapis.com/auth/firebase","https://www.googleapis.com/auth/cloud-platform"]
[debug] [2022-08-06T10:18:49.955Z] > authorizing via signed-in user (misbahuddins100@gmail.com)
[info] 
     ######## #### ########  ######## ########     ###     ######  ########
     ##        ##  ##     ## ##       ##     ##  ##   ##  ##       ##
     ######    ##  ########  ######   ########  #########  ######  ######
     ##        ##  ##    ##  ##       ##     ## ##     ##       ## ##
     ##       #### ##     ## ######## ########  ##     ##  ######  ########

You're about to initialize a Firebase project in this directory:

  H:\programming\Web Development\projects\tech-world\tech-world-client

Before we get started, keep in mind:

  * You are initializing within an existing Firebase project directory

[info] 
=== Project Setup
[info] 
[info] First, let's associate this project directory with a Firebase project.
[info] You can create multiple project aliases by running firebase use --add, 
[info] but for now we'll just set up a default project.
[info] 
[debug] [2022-08-06T10:18:56.775Z] Using project from CLI flag: webpage-service
[debug] [2022-08-06T10:18:56.778Z] > refreshing access token with scopes: []
[debug] [2022-08-06T10:18:56.780Z] >>> HTTP REQUEST POST https://www.googleapis.com/oauth2/v3/token  
 <request body omitted>
[debug] [2022-08-06T10:18:57.196Z] <<< HTTP RESPONSE 400 {"expires":"Mon, 01 Jan 1990 00:00:00 GMT","date":"Sat, 06 Aug 2022 10:19:43 GMT","pragma":"no-cache","cache-control":"no-cache, no-store, max-age=0, must-revalidate","content-type":"application/json; charset=utf-8","vary":"X-Origin, Referer, Origin,Accept-Encoding","server":"scaffolding on HTTPServer2","x-xss-protection":"0","x-frame-options":"SAMEORIGIN","x-content-type-options":"nosniff","alt-svc":"h3=\":443\"; ma=2592000,h3-29=\":443\"; ma=2592000,h3-Q050=\":443\"; ma=2592000,h3-Q046=\":443\"; ma=2592000,h3-Q043=\":443\"; ma=2592000,quic=\":443\"; ma=2592000; v=\"46,43\"","accept-ranges":"none","transfer-encoding":"chunked"}
[debug] [2022-08-06T10:18:57.201Z] >>> [apiv2][query] GET https://firebase.googleapis.com/v1beta1/projects/webpage-service [none]
[debug] [2022-08-06T10:18:57.596Z] <<< [apiv2][status] GET https://firebase.googleapis.com/v1beta1/projects/webpage-service 401
[debug] [2022-08-06T10:18:57.597Z] <<< [apiv2][body] GET https://firebase.googleapis.com/v1beta1/projects/webpage-service {"error":{"code":401,"message":"Request had invalid authentication credentials. Expected OAuth 2 access token, login cookie or other valid authentication credential. See https://developers.google.com/identity/sign-in/web/devconsole-project.","status":"UNAUTHENTICATED"}}
[debug] [2022-08-06T10:18:57.598Z] HTTP Error: 401, Request had invalid authentication credentials. Expected OAuth 2 access token, login cookie or other valid authentication credential. See https://developers.google.com/identity/sign-in/web/devconsole-project.
[debug] [2022-08-06T10:18:57.881Z] FirebaseError: HTTP Error: 401, Request had invalid authentication credentials. Expected OAuth 2 access token, login cookie or other valid authentication credential. See https://developers.google.com/identity/sign-in/web/devconsole-project.
    at module.exports (C:\Users\Misbahs\AppData\Roaming\npm\node_modules\firebase-tools\lib\responseToError.js:47:12)
    at RetryOperation._fn (C:\Users\Misbahs\AppData\Roaming\npm\node_modules\firebase-tools\lib\apiv2.js:286:39)
    at processTicksAndRejections (internal/process/task_queues.js:93:5)
[error] 
[error] Error: Failed to get Firebase project webpage-service. Please make sure the project exists and your account has permission to access it.
